<?xml version="1.0" encoding="UTF-8"?>
<testsuite xmlns:xsi="http://www.w3.org/2001/XMLSchema-instance" xsi:noNamespaceSchemaLocation="https://maven.apache.org/surefire/maven-surefire-plugin/xsd/surefire-test-report-3.0.xsd" version="3.0" name="TestSuite" time="4.665" tests="2" errors="0" skipped="0" failures="0">
  <properties>
    <property name="awt.toolkit" value="sun.awt.X11.XToolkit"/>
    <property name="file.encoding.pkg" value="sun.io"/>
    <property name="java.specification.version" value="1.8"/>
    <property name="sun.cpu.isalist" value=""/>
    <property name="sun.jnu.encoding" value="UTF-8"/>
    <property name="java.class.path" value="/home/gantidurgasrigm/eclipse-workspace/Saucedemo_test/target/test-classes:/home/gantidurgasrigm/eclipse-workspace/Saucedemo_test/target/classes:/home/gantidurgasrigm/.m2/repository/org/seleniumhq/selenium/selenium-java/3.141.59/selenium-java-3.141.59.jar:/home/gantidurgasrigm/.m2/repository/org/seleniumhq/selenium/selenium-api/3.141.59/selenium-api-3.141.59.jar:/home/gantidurgasrigm/.m2/repository/org/seleniumhq/selenium/selenium-chrome-driver/3.141.59/selenium-chrome-driver-3.141.59.jar:/home/gantidurgasrigm/.m2/repository/org/seleniumhq/selenium/selenium-edge-driver/3.141.59/selenium-edge-driver-3.141.59.jar:/home/gantidurgasrigm/.m2/repository/org/seleniumhq/selenium/selenium-firefox-driver/3.141.59/selenium-firefox-driver-3.141.59.jar:/home/gantidurgasrigm/.m2/repository/org/seleniumhq/selenium/selenium-ie-driver/3.141.59/selenium-ie-driver-3.141.59.jar:/home/gantidurgasrigm/.m2/repository/org/seleniumhq/selenium/selenium-opera-driver/3.141.59/selenium-opera-driver-3.141.59.jar:/home/gantidurgasrigm/.m2/repository/org/seleniumhq/selenium/selenium-remote-driver/3.141.59/selenium-remote-driver-3.141.59.jar:/home/gantidurgasrigm/.m2/repository/org/seleniumhq/selenium/selenium-safari-driver/3.141.59/selenium-safari-driver-3.141.59.jar:/home/gantidurgasrigm/.m2/repository/org/seleniumhq/selenium/selenium-support/3.141.59/selenium-support-3.141.59.jar:/home/gantidurgasrigm/.m2/repository/net/bytebuddy/byte-buddy/1.8.15/byte-buddy-1.8.15.jar:/home/gantidurgasrigm/.m2/repository/org/apache/commons/commons-exec/1.3/commons-exec-1.3.jar:/home/gantidurgasrigm/.m2/repository/com/google/guava/guava/25.0-jre/guava-25.0-jre.jar:/home/gantidurgasrigm/.m2/repository/com/google/code/findbugs/jsr305/1.3.9/jsr305-1.3.9.jar:/home/gantidurgasrigm/.m2/repository/org/checkerframework/checker-compat-qual/2.0.0/checker-compat-qual-2.0.0.jar:/home/gantidurgasrigm/.m2/repository/com/google/errorprone/error_prone_annotations/2.1.3/error_prone_annotations-2.1.3.jar:/home/gantidurgasrigm/.m2/repository/com/google/j2objc/j2objc-annotations/1.1/j2objc-annotations-1.1.jar:/home/gantidurgasrigm/.m2/repository/org/codehaus/mojo/animal-sniffer-annotations/1.14/animal-sniffer-annotations-1.14.jar:/home/gantidurgasrigm/.m2/repository/com/squareup/okhttp3/okhttp/3.11.0/okhttp-3.11.0.jar:/home/gantidurgasrigm/.m2/repository/com/squareup/okio/okio/1.14.0/okio-1.14.0.jar:/home/gantidurgasrigm/.m2/repository/org/testng/testng/7.3.0/testng-7.3.0.jar:/home/gantidurgasrigm/.m2/repository/com/beust/jcommander/1.78/jcommander-1.78.jar:/home/gantidurgasrigm/.m2/repository/org/apache/ant/ant/1.10.3/ant-1.10.3.jar:/home/gantidurgasrigm/.m2/repository/org/apache/ant/ant-launcher/1.10.3/ant-launcher-1.10.3.jar:/home/gantidurgasrigm/.m2/repository/junit/junit/4.12/junit-4.12.jar:/home/gantidurgasrigm/.m2/repository/org/hamcrest/hamcrest-core/1.3/hamcrest-core-1.3.jar:/home/gantidurgasrigm/.m2/repository/com/google/inject/guice/4.2.2/guice-4.2.2-no_aop.jar:/home/gantidurgasrigm/.m2/repository/javax/inject/javax.inject/1/javax.inject-1.jar:/home/gantidurgasrigm/.m2/repository/aopalliance/aopalliance/1.0/aopalliance-1.0.jar:/home/gantidurgasrigm/.m2/repository/org/yaml/snakeyaml/1.21/snakeyaml-1.21.jar:/home/gantidurgasrigm/.m2/repository/com/codoid/products/fillo/1.18/fillo-1.18.jar:/home/gantidurgasrigm/.m2/repository/io/cucumber/cucumber-java8/4.7.2/cucumber-java8-4.7.2.jar:/home/gantidurgasrigm/.m2/repository/io/cucumber/cucumber-java/4.7.2/cucumber-java-4.7.2.jar:/home/gantidurgasrigm/.m2/repository/org/apiguardian/apiguardian-api/1.1.0/apiguardian-api-1.1.0.jar:/home/gantidurgasrigm/.m2/repository/net/jodah/typetools/0.5.0/typetools-0.5.0.jar:/home/gantidurgasrigm/.m2/repository/io/cucumber/cucumber-testng/4.7.2/cucumber-testng-4.7.2.jar:/home/gantidurgasrigm/.m2/repository/io/cucumber/cucumber-core/4.7.2/cucumber-core-4.7.2.jar:/home/gantidurgasrigm/.m2/repository/io/cucumber/gherkin/5.1.0/gherkin-5.1.0.jar:/home/gantidurgasrigm/.m2/repository/io/cucumber/tag-expressions/1.1.1/tag-expressions-1.1.1.jar:/home/gantidurgasrigm/.m2/repository/io/cucumber/cucumber-expressions/7.0.2/cucumber-expressions-7.0.2.jar:/home/gantidurgasrigm/.m2/repository/io/cucumber/datatable/1.1.14/datatable-1.1.14.jar:/home/gantidurgasrigm/.m2/repository/io/cucumber/datatable-dependencies/1.1.14/datatable-dependencies-1.1.14.jar:/home/gantidurgasrigm/.m2/repository/io/github/bonigarcia/webdrivermanager/5.3.0/webdrivermanager-5.3.0.jar:/home/gantidurgasrigm/.m2/repository/org/slf4j/slf4j-api/1.7.36/slf4j-api-1.7.36.jar:/home/gantidurgasrigm/.m2/repository/com/google/code/gson/gson/2.9.1/gson-2.9.1.jar:/home/gantidurgasrigm/.m2/repository/com/github/docker-java/docker-java/3.2.13/docker-java-3.2.13.jar:/home/gantidurgasrigm/.m2/repository/com/github/docker-java/docker-java-core/3.2.13/docker-java-core-3.2.13.jar:/home/gantidurgasrigm/.m2/repository/com/github/docker-java/docker-java-api/3.2.13/docker-java-api-3.2.13.jar:/home/gantidurgasrigm/.m2/repository/com/fasterxml/jackson/core/jackson-annotations/2.10.3/jackson-annotations-2.10.3.jar:/home/gantidurgasrigm/.m2/repository/commons-io/commons-io/2.6/commons-io-2.6.jar:/home/gantidurgasrigm/.m2/repository/org/apache/commons/commons-compress/1.21/commons-compress-1.21.jar:/home/gantidurgasrigm/.m2/repository/com/fasterxml/jackson/core/jackson-databind/2.10.3/jackson-databind-2.10.3.jar:/home/gantidurgasrigm/.m2/repository/com/fasterxml/jackson/core/jackson-core/2.10.3/jackson-core-2.10.3.jar:/home/gantidurgasrigm/.m2/repository/org/bouncycastle/bcpkix-jdk15on/1.64/bcpkix-jdk15on-1.64.jar:/home/gantidurgasrigm/.m2/repository/org/bouncycastle/bcprov-jdk15on/1.64/bcprov-jdk15on-1.64.jar:/home/gantidurgasrigm/.m2/repository/org/slf4j/jcl-over-slf4j/1.7.30/jcl-over-slf4j-1.7.30.jar:/home/gantidurgasrigm/.m2/repository/com/github/docker-java/docker-java-transport-httpclient5/3.2.13/docker-java-transport-httpclient5-3.2.13.jar:/home/gantidurgasrigm/.m2/repository/com/github/docker-java/docker-java-transport/3.2.13/docker-java-transport-3.2.13.jar:/home/gantidurgasrigm/.m2/repository/net/java/dev/jna/jna/5.8.0/jna-5.8.0.jar:/home/gantidurgasrigm/.m2/repository/org/brotli/dec/0.1.2/dec-0.1.2.jar:/home/gantidurgasrigm/.m2/repository/org/apache/commons/commons-lang3/3.12.0/commons-lang3-3.12.0.jar:/home/gantidurgasrigm/.m2/repository/org/apache/httpcomponents/client5/httpclient5/5.1.3/httpclient5-5.1.3.jar:/home/gantidurgasrigm/.m2/repository/org/apache/httpcomponents/core5/httpcore5/5.1.3/httpcore5-5.1.3.jar:/home/gantidurgasrigm/.m2/repository/org/apache/httpcomponents/core5/httpcore5-h2/5.1.3/httpcore5-h2-5.1.3.jar:/home/gantidurgasrigm/.m2/repository/commons-codec/commons-codec/1.15/commons-codec-1.15.jar:"/>
    <property name="java.vm.vendor" value="Private Build"/>
    <property name="sun.arch.data.model" value="64"/>
    <property name="java.vendor.url" value="http://java.oracle.com/"/>
    <property name="user.timezone" value="Etc/UTC"/>
    <property name="suiteXmlFile" value="bdd.xml"/>
    <property name="java.vm.specification.version" value="1.8"/>
    <property name="os.name" value="Linux"/>
    <property name="dataproviderthreadcount" value="2"/>
    <property name="user.country" value="US"/>
    <property name="sun.java.launcher" value="SUN_STANDARD"/>
    <property name="sun.boot.library.path" value="/usr/lib/jvm/java-8-openjdk-amd64/jre/lib/amd64"/>
    <property name="sun.java.command" value="/home/gantidurgasrigm/eclipse-workspace/Saucedemo_test/target/surefire/surefirebooter-20230219074106500_3.jar /home/gantidurgasrigm/eclipse-workspace/Saucedemo_test/target/surefire 2023-02-19T07-41-06_042-jvmRun1 surefire-20230219074106500_1tmp surefire_0-20230219074106500_2tmp"/>
    <property name="surefire.test.class.path" value="/home/gantidurgasrigm/eclipse-workspace/Saucedemo_test/target/test-classes:/home/gantidurgasrigm/eclipse-workspace/Saucedemo_test/target/classes:/home/gantidurgasrigm/.m2/repository/org/seleniumhq/selenium/selenium-java/3.141.59/selenium-java-3.141.59.jar:/home/gantidurgasrigm/.m2/repository/org/seleniumhq/selenium/selenium-api/3.141.59/selenium-api-3.141.59.jar:/home/gantidurgasrigm/.m2/repository/org/seleniumhq/selenium/selenium-chrome-driver/3.141.59/selenium-chrome-driver-3.141.59.jar:/home/gantidurgasrigm/.m2/repository/org/seleniumhq/selenium/selenium-edge-driver/3.141.59/selenium-edge-driver-3.141.59.jar:/home/gantidurgasrigm/.m2/repository/org/seleniumhq/selenium/selenium-firefox-driver/3.141.59/selenium-firefox-driver-3.141.59.jar:/home/gantidurgasrigm/.m2/repository/org/seleniumhq/selenium/selenium-ie-driver/3.141.59/selenium-ie-driver-3.141.59.jar:/home/gantidurgasrigm/.m2/repository/org/seleniumhq/selenium/selenium-opera-driver/3.141.59/selenium-opera-driver-3.141.59.jar:/home/gantidurgasrigm/.m2/repository/org/seleniumhq/selenium/selenium-remote-driver/3.141.59/selenium-remote-driver-3.141.59.jar:/home/gantidurgasrigm/.m2/repository/org/seleniumhq/selenium/selenium-safari-driver/3.141.59/selenium-safari-driver-3.141.59.jar:/home/gantidurgasrigm/.m2/repository/org/seleniumhq/selenium/selenium-support/3.141.59/selenium-support-3.141.59.jar:/home/gantidurgasrigm/.m2/repository/net/bytebuddy/byte-buddy/1.8.15/byte-buddy-1.8.15.jar:/home/gantidurgasrigm/.m2/repository/org/apache/commons/commons-exec/1.3/commons-exec-1.3.jar:/home/gantidurgasrigm/.m2/repository/com/google/guava/guava/25.0-jre/guava-25.0-jre.jar:/home/gantidurgasrigm/.m2/repository/com/google/code/findbugs/jsr305/1.3.9/jsr305-1.3.9.jar:/home/gantidurgasrigm/.m2/repository/org/checkerframework/checker-compat-qual/2.0.0/checker-compat-qual-2.0.0.jar:/home/gantidurgasrigm/.m2/repository/com/google/errorprone/error_prone_annotations/2.1.3/error_prone_annotations-2.1.3.jar:/home/gantidurgasrigm/.m2/repository/com/google/j2objc/j2objc-annotations/1.1/j2objc-annotations-1.1.jar:/home/gantidurgasrigm/.m2/repository/org/codehaus/mojo/animal-sniffer-annotations/1.14/animal-sniffer-annotations-1.14.jar:/home/gantidurgasrigm/.m2/repository/com/squareup/okhttp3/okhttp/3.11.0/okhttp-3.11.0.jar:/home/gantidurgasrigm/.m2/repository/com/squareup/okio/okio/1.14.0/okio-1.14.0.jar:/home/gantidurgasrigm/.m2/repository/org/testng/testng/7.3.0/testng-7.3.0.jar:/home/gantidurgasrigm/.m2/repository/com/beust/jcommander/1.78/jcommander-1.78.jar:/home/gantidurgasrigm/.m2/repository/org/apache/ant/ant/1.10.3/ant-1.10.3.jar:/home/gantidurgasrigm/.m2/repository/org/apache/ant/ant-launcher/1.10.3/ant-launcher-1.10.3.jar:/home/gantidurgasrigm/.m2/repository/junit/junit/4.12/junit-4.12.jar:/home/gantidurgasrigm/.m2/repository/org/hamcrest/hamcrest-core/1.3/hamcrest-core-1.3.jar:/home/gantidurgasrigm/.m2/repository/com/google/inject/guice/4.2.2/guice-4.2.2-no_aop.jar:/home/gantidurgasrigm/.m2/repository/javax/inject/javax.inject/1/javax.inject-1.jar:/home/gantidurgasrigm/.m2/repository/aopalliance/aopalliance/1.0/aopalliance-1.0.jar:/home/gantidurgasrigm/.m2/repository/org/yaml/snakeyaml/1.21/snakeyaml-1.21.jar:/home/gantidurgasrigm/.m2/repository/com/codoid/products/fillo/1.18/fillo-1.18.jar:/home/gantidurgasrigm/.m2/repository/io/cucumber/cucumber-java8/4.7.2/cucumber-java8-4.7.2.jar:/home/gantidurgasrigm/.m2/repository/io/cucumber/cucumber-java/4.7.2/cucumber-java-4.7.2.jar:/home/gantidurgasrigm/.m2/repository/org/apiguardian/apiguardian-api/1.1.0/apiguardian-api-1.1.0.jar:/home/gantidurgasrigm/.m2/repository/net/jodah/typetools/0.5.0/typetools-0.5.0.jar:/home/gantidurgasrigm/.m2/repository/io/cucumber/cucumber-testng/4.7.2/cucumber-testng-4.7.2.jar:/home/gantidurgasrigm/.m2/repository/io/cucumber/cucumber-core/4.7.2/cucumber-core-4.7.2.jar:/home/gantidurgasrigm/.m2/repository/io/cucumber/gherkin/5.1.0/gherkin-5.1.0.jar:/home/gantidurgasrigm/.m2/repository/io/cucumber/tag-expressions/1.1.1/tag-expressions-1.1.1.jar:/home/gantidurgasrigm/.m2/repository/io/cucumber/cucumber-expressions/7.0.2/cucumber-expressions-7.0.2.jar:/home/gantidurgasrigm/.m2/repository/io/cucumber/datatable/1.1.14/datatable-1.1.14.jar:/home/gantidurgasrigm/.m2/repository/io/cucumber/datatable-dependencies/1.1.14/datatable-dependencies-1.1.14.jar:/home/gantidurgasrigm/.m2/repository/io/github/bonigarcia/webdrivermanager/5.3.0/webdrivermanager-5.3.0.jar:/home/gantidurgasrigm/.m2/repository/org/slf4j/slf4j-api/1.7.36/slf4j-api-1.7.36.jar:/home/gantidurgasrigm/.m2/repository/com/google/code/gson/gson/2.9.1/gson-2.9.1.jar:/home/gantidurgasrigm/.m2/repository/com/github/docker-java/docker-java/3.2.13/docker-java-3.2.13.jar:/home/gantidurgasrigm/.m2/repository/com/github/docker-java/docker-java-core/3.2.13/docker-java-core-3.2.13.jar:/home/gantidurgasrigm/.m2/repository/com/github/docker-java/docker-java-api/3.2.13/docker-java-api-3.2.13.jar:/home/gantidurgasrigm/.m2/repository/com/fasterxml/jackson/core/jackson-annotations/2.10.3/jackson-annotations-2.10.3.jar:/home/gantidurgasrigm/.m2/repository/commons-io/commons-io/2.6/commons-io-2.6.jar:/home/gantidurgasrigm/.m2/repository/org/apache/commons/commons-compress/1.21/commons-compress-1.21.jar:/home/gantidurgasrigm/.m2/repository/com/fasterxml/jackson/core/jackson-databind/2.10.3/jackson-databind-2.10.3.jar:/home/gantidurgasrigm/.m2/repository/com/fasterxml/jackson/core/jackson-core/2.10.3/jackson-core-2.10.3.jar:/home/gantidurgasrigm/.m2/repository/org/bouncycastle/bcpkix-jdk15on/1.64/bcpkix-jdk15on-1.64.jar:/home/gantidurgasrigm/.m2/repository/org/bouncycastle/bcprov-jdk15on/1.64/bcprov-jdk15on-1.64.jar:/home/gantidurgasrigm/.m2/repository/org/slf4j/jcl-over-slf4j/1.7.30/jcl-over-slf4j-1.7.30.jar:/home/gantidurgasrigm/.m2/repository/com/github/docker-java/docker-java-transport-httpclient5/3.2.13/docker-java-transport-httpclient5-3.2.13.jar:/home/gantidurgasrigm/.m2/repository/com/github/docker-java/docker-java-transport/3.2.13/docker-java-transport-3.2.13.jar:/home/gantidurgasrigm/.m2/repository/net/java/dev/jna/jna/5.8.0/jna-5.8.0.jar:/home/gantidurgasrigm/.m2/repository/org/brotli/dec/0.1.2/dec-0.1.2.jar:/home/gantidurgasrigm/.m2/repository/org/apache/commons/commons-lang3/3.12.0/commons-lang3-3.12.0.jar:/home/gantidurgasrigm/.m2/repository/org/apache/httpcomponents/client5/httpclient5/5.1.3/httpclient5-5.1.3.jar:/home/gantidurgasrigm/.m2/repository/org/apache/httpcomponents/core5/httpcore5/5.1.3/httpcore5-5.1.3.jar:/home/gantidurgasrigm/.m2/repository/org/apache/httpcomponents/core5/httpcore5-h2/5.1.3/httpcore5-h2-5.1.3.jar:/home/gantidurgasrigm/.m2/repository/commons-codec/commons-codec/1.15/commons-codec-1.15.jar:"/>
    <property name="sun.cpu.endian" value="little"/>
    <property name="user.home" value="/home/gantidurgasrigm"/>
    <property name="user.language" value="en"/>
    <property name="threadCount" value="2"/>
    <property name="java.specification.vendor" value="Oracle Corporation"/>
    <property name="java.home" value="/usr/lib/jvm/java-8-openjdk-amd64/jre"/>
    <property name="basedir" value="/home/gantidurgasrigm/eclipse-workspace/Saucedemo_test"/>
    <property name="file.separator" value="/"/>
    <property name="line.separator" value="&#10;"/>
    <property name="java.vm.specification.vendor" value="Oracle Corporation"/>
    <property name="java.specification.name" value="Java Platform API Specification"/>
    <property name="java.awt.graphicsenv" value="sun.awt.X11GraphicsEnvironment"/>
    <property name="surefire.real.class.path" value="/home/gantidurgasrigm/eclipse-workspace/Saucedemo_test/target/surefire/surefirebooter-20230219074106500_3.jar"/>
    <property name="sun.boot.class.path" value="/usr/lib/jvm/java-8-openjdk-amd64/jre/lib/resources.jar:/usr/lib/jvm/java-8-openjdk-amd64/jre/lib/rt.jar:/usr/lib/jvm/java-8-openjdk-amd64/jre/lib/sunrsasign.jar:/usr/lib/jvm/java-8-openjdk-amd64/jre/lib/jsse.jar:/usr/lib/jvm/java-8-openjdk-amd64/jre/lib/jce.jar:/usr/lib/jvm/java-8-openjdk-amd64/jre/lib/charsets.jar:/usr/lib/jvm/java-8-openjdk-amd64/jre/lib/jfr.jar:/usr/lib/jvm/java-8-openjdk-amd64/jre/classes"/>
    <property name="sun.management.compiler" value="HotSpot 64-Bit Tiered Compilers"/>
    <property name="java.runtime.version" value="1.8.0_265-8u265-b01-0ubuntu2~16.04-b01"/>
    <property name="user.name" value="gantidurgasrigm"/>
    <property name="path.separator" value=":"/>
    <property name="os.version" value="4.4.0-1113-aws"/>
    <property name="java.endorsed.dirs" value="/usr/lib/jvm/java-8-openjdk-amd64/jre/lib/endorsed"/>
    <property name="java.runtime.name" value="OpenJDK Runtime Environment"/>
    <property name="Cucumbertags-smoke" value="true"/>
    <property name="file.encoding" value="UTF-8"/>
    <property name="java.vm.name" value="OpenJDK 64-Bit Server VM"/>
    <property name="localRepository" value="/home/gantidurgasrigm/.m2/repository"/>
    <property name="java.vendor.url.bug" value="http://bugreport.sun.com/bugreport/"/>
    <property name="java.io.tmpdir" value="/tmp"/>
    <property name="java.version" value="1.8.0_265"/>
    <property name="user.dir" value="/home/gantidurgasrigm/eclipse-workspace/Saucedemo_test"/>
    <property name="os.arch" value="amd64"/>
    <property name="java.vm.specification.name" value="Java Virtual Machine Specification"/>
    <property name="java.awt.printerjob" value="sun.print.PSPrinterJob"/>
    <property name="env" value="stage"/>
    <property name="sun.os.patch.level" value="unknown"/>
    <property name="java.library.path" value="/usr/java/packages/lib/amd64:/usr/lib/x86_64-linux-gnu/jni:/lib/x86_64-linux-gnu:/usr/lib/x86_64-linux-gnu:/usr/lib/jni:/lib:/usr/lib"/>
    <property name="java.vm.info" value="mixed mode"/>
    <property name="java.vendor" value="Private Build"/>
    <property name="java.vm.version" value="25.265-b01"/>
    <property name="java.ext.dirs" value="/usr/lib/jvm/java-8-openjdk-amd64/jre/lib/ext:/usr/java/packages/lib/ext"/>
    <property name="sun.io.unicode.encoding" value="UnicodeLittle"/>
    <property name="java.class.version" value="52.0"/>
  </properties>
  <testcase name="runScenario[&quot;Verify login is successful&quot;, &quot;Login Module&quot;](1)" classname="com.bdd.runners.LoginModuleRunner" time="3.141">
    <system-out><![CDATA[Our Execution Environment is:stage
Our Execution Environment is:stage
]]></system-out>
    <system-err><![CDATA[Starting ChromeDriver 2.41.578700 (2f1ed5f9343c13f7314S45t38f15c00b370eda6706) on port 4982
Only local connections are allowed.
arting ChromeDriver 2.41.578700 (2f1ed5f9343c13f73144538f15c00b370eda6706) on port 21844
Only local connections are allowed.
Feb 19, 2023 7:41:08 AM org.openqa.selenium.remote.ProtocolHandshake createSession
INFO: Detected dialect: OSS
Feb 19, 2023 7:41:08 AM org.openqa.selenium.remote.ProtocolHandshake createSession
INFO: Detected dialect: OSS
]]></system-err>
  </testcase>
  <testcase name="runScenario[&quot;Add the product and give personal info and make the payment to order the product successfully&quot;, &quot;Checkout Module&quot;](2)" classname="com.bdd.runners.LoginModuleRunner" time="3.943"/>
</testsuite>