<?xml version="1.0" encoding="UTF-8"?>
<!-- Generated by org.testng.reporters.JUnitReportReporter -->
<testsuite skipped="0" hostname="ip-172-31-16-182" name="com.bdd.runners.LoginModuleRunner" tests="2" failures="0" timestamp="2023-02-19T07:41:11 UTC" time="7.086" errors="0">
  <testcase name="runScenario" time="3.945" classname="com.bdd.runners.LoginModuleRunner"/>
  <system-out/>
  <testcase name="runScenario" time="3.141" classname="com.bdd.runners.LoginModuleRunner"/>
  <system-out/>
</testsuite> <!-- com.bdd.runners.LoginModuleRunner -->
